2025-05-30 13:04:31,028:ERROR:An error occurred while generating layout 2 resume: 'str' object has no attribute 'get'
2025-05-30 13:12:25,441:ERROR:An error occurred while generating the resume: 'str' object has no attribute 'get'
2025-05-30 14:04:18,770:ERROR:Failed to decode parsed result: Expecting value: line 1 column 1 (char 0)
2025-05-30 14:05:02,679:ERROR:An error occurred while generating layout 2 resume: 'str' object has no attribute 'get'
2025-05-30 14:06:51,743:ERROR:An error occurred while generating layout 2 resume: 'str' object has no attribute 'get'
2025-05-30 14:06:51,744:ERROR:Failed to generate resume. Please check the logs or try again.
2025-06-18 09:25:20,114:ERROR:Error parsing resume: 401 Client Error: UNAUTHORIZED for url: https://api.lab45.ai/v1.1/skills/completion/query
2025-06-18 09:26:59,811:ERROR:Error parsing resume: 401 Client Error: UNAUTHORIZED for url: https://api.lab45.ai/v1.1/skills/completion/query
2025-06-18 09:28:47,324:ERROR:Error parsing resume: 401 Client Error: UNAUTHORIZED for url: https://api.lab45.ai/v1.1/skills/completion/query
2025-06-18 16:47:48,629:ERROR:Error parsing resume: Expecting value: line 1 column 1 (char 0)
2025-06-18 16:48:21,698:ERROR:Error parsing resume: Expecting value: line 1 column 1 (char 0)
2025-06-19 22:50:08,061:ERROR:An error occurred while generating the resume: 'NoneType' object is not iterable
2025-06-19 23:38:15,168:ERROR:An error occurred while generating the resume: 'NoneType' object is not iterable
2025-06-19 23:43:10,462:ERROR:An error occurred while generating the resume: 'NoneType' object is not iterable
2025-06-19 23:46:41,010:ERROR:An error occurred while generating the resume: 'NoneType' object is not iterable
2025-06-20 11:24:38,790:ERROR:An error occurred while generating the resume: 'NoneType' object is not iterable
2025-06-20 11:57:31,843:ERROR:An error occurred while generating the resume: 'NoneType' object is not iterable
2025-06-20 12:05:02,896:ERROR:An error occurred while generating the resume: 'NoneType' object is not iterable
2025-06-20 12:05:59,684:ERROR:An error occurred while generating the resume: 'str' object has no attribute 'get'
2025-06-20 12:13:11,259:ERROR:An error occurred while generating the resume: 'str' object has no attribute 'get'
2025-06-20 12:17:16,334:ERROR:An error occurred while generating the resume: 'str' object has no attribute 'get'
2025-06-20 12:42:17,704:ERROR:An error occurred while generating the resume: 'NoneType' object is not iterable
2025-06-20 12:42:18,144:ERROR:An error occurred while generating the resume: 'NoneType' object is not iterable
2025-06-20 12:42:48,703:ERROR:An error occurred while generating the resume: 'NoneType' object is not iterable
2025-06-20 12:43:21,822:ERROR:An error occurred while generating the resume: 'NoneType' object is not iterable
2025-06-20 13:02:02,390:ERROR:An error occurred while generating the resume: 'NoneType' object is not iterable
